<?xml version="1.0" encoding="utf-8"?><testsuites name="pytest tests"><testsuite name="pytest" errors="0" failures="4" skipped="0" tests="20" time="1.623" timestamp="2026-02-27T00:38:09.658875+00:00" hostname="agent-env-d41df260-943e-492e-a595-76a5ac313b9d"><testcase classname="backend.tests.test_admin_api.TestHealthCheck" name="test_health_endpoint" time="0.017" /><testcase classname="backend.tests.test_admin_api.TestAuthentication" name="test_signin_success" time="0.111" /><testcase classname="backend.tests.test_admin_api.TestAuthentication" name="test_signin_invalid_credentials" time="0.006" /><testcase classname="backend.tests.test_admin_api.TestAuthentication" name="test_admin_signin" time="0.084" /><testcase classname="backend.tests.test_admin_api.TestAuthentication" name="test_login_history_recorded" time="0.173" /><testcase classname="backend.tests.test_admin_api.TestAdminUsersEndpoint" name="test_users_requires_auth" time="0.008"><failure message="AssertionError: Endpoint returned data without auth: {'success': True, 'users': [{'_id': '69a0e633558048888e3a5aff', 'name': 'Test User', 'email': 'testuser@test.com', 'image': '/user.png', 'loginHistory': ['27-02-2026 00:32:58', '27-02-2026 00:33:11', '27-02-2026 00:33:12', '27-02-2026 00:35:12', '27-02-2026 00:36:32', '27-02-2026 00:36:32', '27-02-2026 00:36:33', '27-02-2026 00:37:04', '27-02-2026 00:37:04', '27-02-2026 00:37:04', '27-02-2026 00:38:09', '27-02-2026 00:38:10'], 'isGoogleUser': False}, {'_id': '69a0e6c4558048888e3a5b0c', 'name': 'Admin User', 'email': 'admin@admin.com', 'image': '/user.png', 'loginHistory': ['27-02-2026 00:35:24', '27-02-2026 00:35:24', '27-02-2026 00:35:24', '27-02-2026 00:35:31', '27-02-2026 00:35:44', '27-02-2026 00:36:32', '27-02-2026 00:36:32', '27-02-2026 00:36:33', '27-02-2026 00:36:33', '27-02-2026 00:36:33', '27-02-2026 00:36:33', '27-02-2026 00:36:33', '27-02-2026 00:36:33', '27-02-2026 00:36:33', '27-02-2026 00:36:33', '27-02-2026 00:36:33', '27-02-2026 00:36:34', '27-02-2026 00:37:04', '27-02-2026 00:37:04', '27-02-2026 00:37:04', '27-02-2026 00:37:04', '27-02-2026 00:37:04', '27-02-2026 00:37:05', '27-02-2026 00:37:05', '27-02-2026 00:37:05', '27-02-2026 00:37:05', '27-02-2026 00:37:05', '27-02-2026 00:37:05', '27-02-2026 00:37:05', '27-02-2026 00:38:09', '27-02-2026 00:38:10'], 'isGoogleUser': False}]}&#10;assert (True == False or None == 'No token provided')&#10; +  where True = &lt;built-in method get of dict object at 0xf864a3a42280&gt;('success')&#10; +    where &lt;built-in method get of dict object at 0xf864a3a42280&gt; = {'success': True, 'users': [{'_id': '69a0e633558048888e3a5aff', 'email': 'testuser@test.com', 'image': '/user.png', 'isGoogleUser': False, ...}, {'_id': '69a0e6c4558048888e3a5b0c', 'email': 'admin@admin.com', 'image': '/user.png', 'isGoogleUser': False, ...}]}.get&#10; +  and   None = &lt;built-in method get of dict object at 0xf864a3a42280&gt;('message')&#10; +    where &lt;built-in method get of dict object at 0xf864a3a42280&gt; = {'success': True, 'users': [{'_id': '69a0e633558048888e3a5aff', 'email': 'testuser@test.com', 'image': '/user.png', 'isGoogleUser': False, ...}, {'_id': '69a0e6c4558048888e3a5b0c', 'email': 'admin@admin.com', 'image': '/user.png', 'isGoogleUser': False, ...}]}.get">backend/tests/test_admin_api.py:120: in test_users_requires_auth
    assert data.get("success") == False or data.get("message") == "No token provided", \
E   AssertionError: Endpoint returned data without auth: {'success': True, 'users': [{'_id': '69a0e633558048888e3a5aff', 'name': 'Test User', 'email': 'testuser@test.com', 'image': '/user.png', 'loginHistory': ['27-02-2026 00:32:58', '27-02-2026 00:33:11', '27-02-2026 00:33:12', '27-02-2026 00:35:12', '27-02-2026 00:36:32', '27-02-2026 00:36:32', '27-02-2026 00:36:33', '27-02-2026 00:37:04', '27-02-2026 00:37:04', '27-02-2026 00:37:04', '27-02-2026 00:38:09', '27-02-2026 00:38:10'], 'isGoogleUser': False}, {'_id': '69a0e6c4558048888e3a5b0c', 'name': 'Admin User', 'email': 'admin@admin.com', 'image': '/user.png', 'loginHistory': ['27-02-2026 00:35:24', '27-02-2026 00:35:24', '27-02-2026 00:35:24', '27-02-2026 00:35:31', '27-02-2026 00:35:44', '27-02-2026 00:36:32', '27-02-2026 00:36:32', '27-02-2026 00:36:33', '27-02-2026 00:36:33', '27-02-2026 00:36:33', '27-02-2026 00:36:33', '27-02-2026 00:36:33', '27-02-2026 00:36:33', '27-02-2026 00:36:33', '27-02-2026 00:36:33', '27-02-2026 00:36:33', '27-02-2026 00:36:34', '27-02-2026 00:37:04', '27-02-2026 00:37:04', '27-02-2026 00:37:04', '27-02-2026 00:37:04', '27-02-2026 00:37:04', '27-02-2026 00:37:05', '27-02-2026 00:37:05', '27-02-2026 00:37:05', '27-02-2026 00:37:05', '27-02-2026 00:37:05', '27-02-2026 00:37:05', '27-02-2026 00:37:05', '27-02-2026 00:38:09', '27-02-2026 00:38:10'], 'isGoogleUser': False}]}
E   assert (True == False or None == 'No token provided')
E    +  where True = &lt;built-in method get of dict object at 0xf864a3a42280&gt;('success')
E    +    where &lt;built-in method get of dict object at 0xf864a3a42280&gt; = {'success': True, 'users': [{'_id': '69a0e633558048888e3a5aff', 'email': 'testuser@test.com', 'image': '/user.png', 'isGoogleUser': False, ...}, {'_id': '69a0e6c4558048888e3a5b0c', 'email': 'admin@admin.com', 'image': '/user.png', 'isGoogleUser': False, ...}]}.get
E    +  and   None = &lt;built-in method get of dict object at 0xf864a3a42280&gt;('message')
E    +    where &lt;built-in method get of dict object at 0xf864a3a42280&gt; = {'success': True, 'users': [{'_id': '69a0e633558048888e3a5aff', 'email': 'testuser@test.com', 'image': '/user.png', 'isGoogleUser': False, ...}, {'_id': '69a0e6c4558048888e3a5b0c', 'email': 'admin@admin.com', 'image': '/user.png', 'isGoogleUser': False, ...}]}.get</failure></testcase><testcase classname="backend.tests.test_admin_api.TestAdminUsersEndpoint" name="test_users_requires_admin" time="0.088" /><testcase classname="backend.tests.test_admin_api.TestAdminUsersEndpoint" name="test_get_all_users" time="0.103" /><testcase classname="backend.tests.test_admin_api.TestAdminUsersEndpoint" name="test_get_single_user" time="0.103" /><testcase classname="backend.tests.test_admin_api.TestAdminOrdersEndpoint" name="test_orders_requires_auth" time="0.012"><failure message="AssertionError: Endpoint returned data without auth: {'success': True, 'orders': []}&#10;assert (True == False or None == 'No token provided')&#10; +  where True = &lt;built-in method get of dict object at 0xf864a3682d80&gt;('success')&#10; +    where &lt;built-in method get of dict object at 0xf864a3682d80&gt; = {'orders': [], 'success': True}.get&#10; +  and   None = &lt;built-in method get of dict object at 0xf864a3682d80&gt;('message')&#10; +    where &lt;built-in method get of dict object at 0xf864a3682d80&gt; = {'orders': [], 'success': True}.get">backend/tests/test_admin_api.py:202: in test_orders_requires_auth
    assert data.get("success") == False or data.get("message") == "No token provided", \
E   AssertionError: Endpoint returned data without auth: {'success': True, 'orders': []}
E   assert (True == False or None == 'No token provided')
E    +  where True = &lt;built-in method get of dict object at 0xf864a3682d80&gt;('success')
E    +    where &lt;built-in method get of dict object at 0xf864a3682d80&gt; = {'orders': [], 'success': True}.get
E    +  and   None = &lt;built-in method get of dict object at 0xf864a3682d80&gt;('message')
E    +    where &lt;built-in method get of dict object at 0xf864a3682d80&gt; = {'orders': [], 'success': True}.get</failure></testcase><testcase classname="backend.tests.test_admin_api.TestAdminOrdersEndpoint" name="test_get_all_orders" time="0.091" /><testcase classname="backend.tests.test_admin_api.TestAdminProductsEndpoint" name="test_products_requires_auth" time="0.008"><failure message="AssertionError: Endpoint returned data without auth: {'success': True, 'products': [{'_id': '69a0e6e0558048888e3a5b25', 'product_name': 'Test Product', 'product_price': 99.99, 'dis_product_price': 79.99, 'id': 'P-1772152544058', 'p_type': 'top', 'p_des': 'A test product for testing admin panel', 'product_details': [], 'images': [{'pi_1': 'test.jpg', 'color_code': '#0000FF', 'color': 'blue', '_id': '69a0e6e0558048888e3a5b26'}], '__v': 0}]}&#10;assert (True == False or None == 'No token provided')&#10; +  where True = &lt;built-in method get of dict object at 0xf864a36a6c80&gt;('success')&#10; +    where &lt;built-in method get of dict object at 0xf864a36a6c80&gt; = {'products': [{'__v': 0, '_id': '69a0e6e0558048888e3a5b25', 'dis_product_price': 79.99, 'id': 'P-1772152544058', ...}], 'success': True}.get&#10; +  and   None = &lt;built-in method get of dict object at 0xf864a36a6c80&gt;('message')&#10; +    where &lt;built-in method get of dict object at 0xf864a36a6c80&gt; = {'products': [{'__v': 0, '_id': '69a0e6e0558048888e3a5b25', 'dis_product_price': 79.99, 'id': 'P-1772152544058', ...}], 'success': True}.get">backend/tests/test_admin_api.py:239: in test_products_requires_auth
    assert data.get("success") == False or data.get("message") == "No token provided", \
E   AssertionError: Endpoint returned data without auth: {'success': True, 'products': [{'_id': '69a0e6e0558048888e3a5b25', 'product_name': 'Test Product', 'product_price': 99.99, 'dis_product_price': 79.99, 'id': 'P-1772152544058', 'p_type': 'top', 'p_des': 'A test product for testing admin panel', 'product_details': [], 'images': [{'pi_1': 'test.jpg', 'color_code': '#0000FF', 'color': 'blue', '_id': '69a0e6e0558048888e3a5b26'}], '__v': 0}]}
E   assert (True == False or None == 'No token provided')
E    +  where True = &lt;built-in method get of dict object at 0xf864a36a6c80&gt;('success')
E    +    where &lt;built-in method get of dict object at 0xf864a36a6c80&gt; = {'products': [{'__v': 0, '_id': '69a0e6e0558048888e3a5b25', 'dis_product_price': 79.99, 'id': 'P-1772152544058', ...}], 'success': True}.get
E    +  and   None = &lt;built-in method get of dict object at 0xf864a36a6c80&gt;('message')
E    +    where &lt;built-in method get of dict object at 0xf864a36a6c80&gt; = {'products': [{'__v': 0, '_id': '69a0e6e0558048888e3a5b25', 'dis_product_price': 79.99, 'id': 'P-1772152544058', ...}], 'success': True}.get</failure></testcase><testcase classname="backend.tests.test_admin_api.TestAdminProductsEndpoint" name="test_get_all_products" time="0.091" /><testcase classname="backend.tests.test_admin_api.TestAdminProductsEndpoint" name="test_create_product" time="0.095" /><testcase classname="backend.tests.test_admin_api.TestAdminProductsEndpoint" name="test_update_product" time="0.106" /><testcase classname="backend.tests.test_admin_api.TestAdminProductsEndpoint" name="test_delete_product" time="0.108" /><testcase classname="backend.tests.test_admin_api.TestAdminProductsEndpoint" name="test_create_product_validation" time="0.095" /><testcase classname="backend.tests.test_admin_api.TestAdminVisitorStatsEndpoint" name="test_visitor_stats_requires_auth" time="0.010"><failure message="AssertionError: Endpoint returned data without auth: {'success': True, 'today': {'date': '2026-02-27', 'totalVisitors': 0, 'uniqueVisitors': 0, 'ordersReceived': 0, 'peakVisitors': 0, 'hourlyStats': []}, 'history': [], 'allTime': {'totalVisitors': 0, 'totalOrders': 0, 'totalUniqueVisitors': 0, 'maxPeakVisitors': 0}}&#10;assert (True == False or None == 'No token provided')&#10; +  where True = &lt;built-in method get of dict object at 0xf864a3c0b140&gt;('success')&#10; +    where &lt;built-in method get of dict object at 0xf864a3c0b140&gt; = {'allTime': {'maxPeakVisitors': 0, 'totalOrders': 0, 'totalUniqueVisitors': 0, 'totalVisitors': 0}, 'history': [], 'success': True, 'today': {'date': '2026-02-27', 'hourlyStats': [], 'ordersReceived': 0, 'peakVisitors': 0, ...}}.get&#10; +  and   None = &lt;built-in method get of dict object at 0xf864a3c0b140&gt;('message')&#10; +    where &lt;built-in method get of dict object at 0xf864a3c0b140&gt; = {'allTime': {'maxPeakVisitors': 0, 'totalOrders': 0, 'totalUniqueVisitors': 0, 'totalVisitors': 0}, 'history': [], 'success': True, 'today': {'date': '2026-02-27', 'hourlyStats': [], 'ordersReceived': 0, 'peakVisitors': 0, ...}}.get">backend/tests/test_admin_api.py:398: in test_visitor_stats_requires_auth
    assert data.get("success") == False or data.get("message") == "No token provided", \
E   AssertionError: Endpoint returned data without auth: {'success': True, 'today': {'date': '2026-02-27', 'totalVisitors': 0, 'uniqueVisitors': 0, 'ordersReceived': 0, 'peakVisitors': 0, 'hourlyStats': []}, 'history': [], 'allTime': {'totalVisitors': 0, 'totalOrders': 0, 'totalUniqueVisitors': 0, 'maxPeakVisitors': 0}}
E   assert (True == False or None == 'No token provided')
E    +  where True = &lt;built-in method get of dict object at 0xf864a3c0b140&gt;('success')
E    +    where &lt;built-in method get of dict object at 0xf864a3c0b140&gt; = {'allTime': {'maxPeakVisitors': 0, 'totalOrders': 0, 'totalUniqueVisitors': 0, 'totalVisitors': 0}, 'history': [], 'success': True, 'today': {'date': '2026-02-27', 'hourlyStats': [], 'ordersReceived': 0, 'peakVisitors': 0, ...}}.get
E    +  and   None = &lt;built-in method get of dict object at 0xf864a3c0b140&gt;('message')
E    +    where &lt;built-in method get of dict object at 0xf864a3c0b140&gt; = {'allTime': {'maxPeakVisitors': 0, 'totalOrders': 0, 'totalUniqueVisitors': 0, 'totalVisitors': 0}, 'history': [], 'success': True, 'today': {'date': '2026-02-27', 'hourlyStats': [], 'ordersReceived': 0, 'peakVisitors': 0, ...}}.get</failure></testcase><testcase classname="backend.tests.test_admin_api.TestAdminVisitorStatsEndpoint" name="test_get_visitor_stats" time="0.095" /><testcase classname="backend.tests.test_admin_api.TestCleanup" name="test_cleanup_test_products" time="0.099" /></testsuite></testsuites>