<?xml version="1.0" encoding="utf-8"?><testsuites name="pytest tests"><testsuite name="pytest" errors="0" failures="3" skipped="0" tests="20" time="8.854" timestamp="2026-02-27T18:39:40.038822+00:00" hostname="agent-env-27b9feaa-d269-4a80-8083-741d12fb1269"><testcase classname="backend.tests.test_admin_api.TestHealthCheck" name="test_health_endpoint" time="0.189" /><testcase classname="backend.tests.test_admin_api.TestAuthentication" name="test_signin_success" time="0.185"><failure message="assert 400 == 200&#10; +  where 400 = &lt;Response [400]&gt;.status_code">backend/tests/test_admin_api.py:40: in test_signin_success
    assert response.status_code == 200
E   assert 400 == 200
E    +  where 400 = &lt;Response [400]&gt;.status_code</failure></testcase><testcase classname="backend.tests.test_admin_api.TestAuthentication" name="test_signin_invalid_credentials" time="0.204" /><testcase classname="backend.tests.test_admin_api.TestAuthentication" name="test_admin_signin" time="0.341" /><testcase classname="backend.tests.test_admin_api.TestAuthentication" name="test_login_history_recorded" time="0.180"><failure message="assert 400 == 200&#10; +  where 400 = &lt;Response [400]&gt;.status_code">backend/tests/test_admin_api.py:75: in test_login_history_recorded
    assert response.status_code == 200
E   assert 400 == 200
E    +  where 400 = &lt;Response [400]&gt;.status_code</failure></testcase><testcase classname="backend.tests.test_admin_api.TestAdminUsersEndpoint" name="test_users_requires_auth" time="0.126" /><testcase classname="backend.tests.test_admin_api.TestAdminUsersEndpoint" name="test_users_requires_admin" time="0.325"><failure message="assert 401 == 403&#10; +  where 401 = &lt;Response [401]&gt;.status_code">backend/tests/test_admin_api.py:139: in test_users_requires_admin
    assert response.status_code == 403  # Forbidden for non-admin
    ^^^^^^^^^^^^^^^^^^^^^^^^^^^^^^^^^^
E   assert 401 == 403
E    +  where 401 = &lt;Response [401]&gt;.status_code</failure></testcase><testcase classname="backend.tests.test_admin_api.TestAdminUsersEndpoint" name="test_get_all_users" time="0.509" /><testcase classname="backend.tests.test_admin_api.TestAdminUsersEndpoint" name="test_get_single_user" time="0.678" /><testcase classname="backend.tests.test_admin_api.TestAdminOrdersEndpoint" name="test_orders_requires_auth" time="0.122" /><testcase classname="backend.tests.test_admin_api.TestAdminOrdersEndpoint" name="test_get_all_orders" time="0.591" /><testcase classname="backend.tests.test_admin_api.TestAdminProductsEndpoint" name="test_products_requires_auth" time="0.134" /><testcase classname="backend.tests.test_admin_api.TestAdminProductsEndpoint" name="test_get_all_products" time="0.544" /><testcase classname="backend.tests.test_admin_api.TestAdminProductsEndpoint" name="test_create_product" time="0.557" /><testcase classname="backend.tests.test_admin_api.TestAdminProductsEndpoint" name="test_update_product" time="0.877" /><testcase classname="backend.tests.test_admin_api.TestAdminProductsEndpoint" name="test_delete_product" time="0.987" /><testcase classname="backend.tests.test_admin_api.TestAdminProductsEndpoint" name="test_create_product_validation" time="0.499" /><testcase classname="backend.tests.test_admin_api.TestAdminVisitorStatsEndpoint" name="test_visitor_stats_requires_auth" time="0.227" /><testcase classname="backend.tests.test_admin_api.TestAdminVisitorStatsEndpoint" name="test_get_visitor_stats" time="0.538" /><testcase classname="backend.tests.test_admin_api.TestCleanup" name="test_cleanup_test_products" time="0.866" /></testsuite></testsuites>