<?xml version="1.0" encoding="utf-8"?><testsuites name="pytest tests"><testsuite name="pytest" errors="0" failures="0" skipped="0" tests="20" time="2.342" timestamp="2026-02-27T16:44:39.996840+00:00" hostname="agent-env-d41df260-943e-492e-a595-76a5ac313b9d"><testcase classname="backend.tests.test_admin_api.TestHealthCheck" name="test_health_endpoint" time="0.025" /><testcase classname="backend.tests.test_admin_api.TestAuthentication" name="test_signin_success" time="0.102" /><testcase classname="backend.tests.test_admin_api.TestAuthentication" name="test_signin_invalid_credentials" time="0.024" /><testcase classname="backend.tests.test_admin_api.TestAuthentication" name="test_admin_signin" time="0.103" /><testcase classname="backend.tests.test_admin_api.TestAuthentication" name="test_login_history_recorded" time="0.250" /><testcase classname="backend.tests.test_admin_api.TestAdminUsersEndpoint" name="test_users_requires_auth" time="0.023" /><testcase classname="backend.tests.test_admin_api.TestAdminUsersEndpoint" name="test_users_requires_admin" time="0.131" /><testcase classname="backend.tests.test_admin_api.TestAdminUsersEndpoint" name="test_get_all_users" time="0.129" /><testcase classname="backend.tests.test_admin_api.TestAdminUsersEndpoint" name="test_get_single_user" time="0.161" /><testcase classname="backend.tests.test_admin_api.TestAdminOrdersEndpoint" name="test_orders_requires_auth" time="0.036" /><testcase classname="backend.tests.test_admin_api.TestAdminOrdersEndpoint" name="test_get_all_orders" time="0.129" /><testcase classname="backend.tests.test_admin_api.TestAdminProductsEndpoint" name="test_products_requires_auth" time="0.023" /><testcase classname="backend.tests.test_admin_api.TestAdminProductsEndpoint" name="test_get_all_products" time="0.132" /><testcase classname="backend.tests.test_admin_api.TestAdminProductsEndpoint" name="test_create_product" time="0.139" /><testcase classname="backend.tests.test_admin_api.TestAdminProductsEndpoint" name="test_update_product" time="0.188" /><testcase classname="backend.tests.test_admin_api.TestAdminProductsEndpoint" name="test_delete_product" time="0.199" /><testcase classname="backend.tests.test_admin_api.TestAdminProductsEndpoint" name="test_create_product_validation" time="0.128" /><testcase classname="backend.tests.test_admin_api.TestAdminVisitorStatsEndpoint" name="test_visitor_stats_requires_auth" time="0.026" /><testcase classname="backend.tests.test_admin_api.TestAdminVisitorStatsEndpoint" name="test_get_visitor_stats" time="0.135" /><testcase classname="backend.tests.test_admin_api.TestCleanup" name="test_cleanup_test_products" time="0.196" /></testsuite></testsuites>